Determining if the pthread_create exist failed with the following output:
Change Dir: /home/mike/test1/build/CMakeFiles/CMakeTmp

Run Build Command:"/usr/bin/make" "cmTC_71446/fast"
/usr/bin/make -f CMakeFiles/cmTC_71446.dir/build.make CMakeFiles/cmTC_71446.dir/build
make[1]: Entering directory '/home/mike/test1/build/CMakeFiles/CMakeTmp'
Building C object CMakeFiles/cmTC_71446.dir/CheckSymbolExists.c.o
/usr/bin/cc    -o CMakeFiles/cmTC_71446.dir/CheckSymbolExists.c.o   -c /home/mike/test1/build/CMakeFiles/CMakeTmp/CheckSymbolExists.c
Linking C executable cmTC_71446
/usr/bin/cmake -E cmake_link_script CMakeFiles/cmTC_71446.dir/link.txt --verbose=1
/usr/bin/cc      -rdynamic CMakeFiles/cmTC_71446.dir/CheckSymbolExists.c.o  -o cmTC_71446 
CMakeFiles/cmTC_71446.dir/CheckSymbolExists.c.o: In function `main':
CheckSymbolExists.c:(.text+0x1b): undefined reference to `pthread_create'
collect2: error: ld returned 1 exit status
CMakeFiles/cmTC_71446.dir/build.make:97: recipe for target 'cmTC_71446' failed
make[1]: *** [cmTC_71446] Error 1
make[1]: Leaving directory '/home/mike/test1/build/CMakeFiles/CMakeTmp'
Makefile:126: recipe for target 'cmTC_71446/fast' failed
make: *** [cmTC_71446/fast] Error 2

File /home/mike/test1/build/CMakeFiles/CMakeTmp/CheckSymbolExists.c:
/* */
#include <pthread.h>

int main(int argc, char** argv)
{
  (void)argv;
#ifndef pthread_create
  return ((int*)(&pthread_create))[argc];
#else
  (void)argc;
  return 0;
#endif
}

Determining if the function pthread_create exists in the pthreads failed with the following output:
Change Dir: /home/mike/test1/build/CMakeFiles/CMakeTmp

Run Build Command:"/usr/bin/make" "cmTC_90946/fast"
/usr/bin/make -f CMakeFiles/cmTC_90946.dir/build.make CMakeFiles/cmTC_90946.dir/build
make[1]: Entering directory '/home/mike/test1/build/CMakeFiles/CMakeTmp'
Building C object CMakeFiles/cmTC_90946.dir/CheckFunctionExists.c.o
/usr/bin/cc   -DCHECK_FUNCTION_EXISTS=pthread_create   -o CMakeFiles/cmTC_90946.dir/CheckFunctionExists.c.o   -c /usr/share/cmake-3.10/Modules/CheckFunctionExists.c
Linking C executable cmTC_90946
/usr/bin/cmake -E cmake_link_script CMakeFiles/cmTC_90946.dir/link.txt --verbose=1
/usr/bin/cc  -DCHECK_FUNCTION_EXISTS=pthread_create    -rdynamic CMakeFiles/cmTC_90946.dir/CheckFunctionExists.c.o  -o cmTC_90946 -lpthreads 
/usr/bin/ld: cannot find -lpthreads
collect2: error: ld returned 1 exit status
CMakeFiles/cmTC_90946.dir/build.make:97: recipe for target 'cmTC_90946' failed
make[1]: *** [cmTC_90946] Error 1
make[1]: Leaving directory '/home/mike/test1/build/CMakeFiles/CMakeTmp'
Makefile:126: recipe for target 'cmTC_90946/fast' failed
make: *** [cmTC_90946/fast] Error 2


